<?xml version="1.0" encoding="UTF-8"?>
<!-- Generated by org.testng.reporters.JUnitXMLReporter -->
<testsuite hostname="SILICUS339" ignored="0" name="Default test" tests="2" failures="0" timestamp="04 Oct 2017 07:18:05 GMT" time="25.313" errors="0">
  <testcase name="To_test_homepage_loads_correctly" time="0.011" classname="com.silicus.LampsPlus.testscripts.HomepageTest"/>
  <testcase name="To_Verify_all_links_or_image" time="7.171" classname="com.silicus.LampsPlus.testscripts.HomepageTest"/>
</testsuite> <!-- Default test -->
