<?xml version="1.0" encoding="UTF-8"?>
<!-- Generated by org.testng.reporters.JUnitXMLReporter -->
<testsuite hostname="SILICUS339" ignored="0" name="IETEst" tests="2" failures="0" timestamp="23 Feb 2018 09:40:00 GMT" time="0.067" errors="0">
  <testcase name="@BeforeTest SetUp" time="0.0" classname="com.silicus.LampsPlus.testscripts.HomepageTest">
    <failure type="java.lang.NullPointerException">
      <![CDATA[java.lang.NullPointerException
	at com.silicus.LampsPlus.CommonMethods.BaseTest.setDriver(BaseTest.java:33)
	at com.silicus.LampsPlus.testscripts.HomepageTest.SetUp(HomepageTest.java:21)
... Removed 23 stack frames]]>
    </failure>
  </testcase> <!-- @BeforeTest SetUp -->
  <testcase name="@BeforeMethod setDriver" time="0.0" classname="com.silicus.LampsPlus.CommonMethods.BaseTest">
    <skipped/>
  </testcase> <!-- @BeforeMethod setDriver -->
  <testcase name="@AfterMethod browserClose" time="0.0" classname="com.silicus.LampsPlus.CommonMethods.BaseTest">
    <skipped/>
  </testcase> <!-- @AfterMethod browserClose -->
  <testcase name="@BeforeMethod setDriver" time="0.0" classname="com.silicus.LampsPlus.CommonMethods.BaseTest">
    <skipped/>
  </testcase> <!-- @BeforeMethod setDriver -->
  <testcase name="@AfterMethod browserClose" time="0.0" classname="com.silicus.LampsPlus.CommonMethods.BaseTest">
    <skipped/>
  </testcase> <!-- @AfterMethod browserClose -->
  <testcase name="To_test_homepage_loads_correctly" time="0.0" classname="com.silicus.LampsPlus.testscripts.HomepageTest">
    <skipped/>
  </testcase> <!-- To_test_homepage_loads_correctly -->
  <testcase name="To_Verify_all_links_or_image" time="0.002" classname="com.silicus.LampsPlus.testscripts.HomepageTest">
    <skipped/>
  </testcase> <!-- To_Verify_all_links_or_image -->
</testsuite> <!-- IETEst -->
